<?xml version="1.0" encoding="UTF-8"?>
<!-- Generated by org.testng.reporters.JUnitReportReporter -->
<testsuite hostname="sslw-01303" name="ChallengeExcercise.UserLogin" tests="1" failures="0" timestamp="30 Aug 2016 18:50:14 GMT" time="2.059" errors="0">
  <testcase name="testUserLogin" time="2.059" classname="ChallengeExcercise.UserLogin"/>
</testsuite> <!-- ChallengeExcercise.UserLogin -->
